
> sql-practice-frontend@1.0.0 start
> react-scripts start

(node:42787) [DEP_WEBPACK_DEV_SERVER_ON_AFTER_SETUP_MIDDLEWARE] DeprecationWarning: 'onAfterSetupMiddleware' option is deprecated. Please use the 'setupMiddlewares' option.
(Use `node --trace-deprecation ...` to show where the warning was created)
(node:42787) [DEP_WEBPACK_DEV_SERVER_ON_BEFORE_SETUP_MIDDLEWARE] DeprecationWarning: 'onBeforeSetupMiddleware' option is deprecated. Please use the 'setupMiddlewares' option.
Starting the development server...

Compiled successfully!

You can now view sql-practice-frontend in the browser.

  Local:            http://localhost:3000
  On Your Network:  http://192.168.0.8:3000

Note that the development build is not optimized.
To create a production build, use npm run build.

webpack compiled successfully
Files successfully emitted, waiting for typecheck results...
Issues checking in progress...
No issues found.
Compiling...
Compiled successfully!
webpack compiled successfully
No issues found.
Compiling...
Compiled with warnings.

[eslint] 
src/pages/ProblemsPage.js
  Line 31:27:  'setSelectedCompany' is assigned a value but never used                                                           no-unused-vars
  Line 37:10:  'companies' is assigned a value but never used                                                                    no-unused-vars
  Line 172:6:  React Hook useEffect has a missing dependency: 'fetchProblems'. Either include it or remove the dependency array  react-hooks/exhaustive-deps

Search for the keywords to learn more about each warning.
To ignore, add // eslint-disable-next-line to the line before.

WARNING in [eslint] 
src/pages/ProblemsPage.js
  Line 31:27:  'setSelectedCompany' is assigned a value but never used                                                           no-unused-vars
  Line 37:10:  'companies' is assigned a value but never used                                                                    no-unused-vars
  Line 172:6:  React Hook useEffect has a missing dependency: 'fetchProblems'. Either include it or remove the dependency array  react-hooks/exhaustive-deps

webpack compiled with 1 warning
No issues found.
Compiling...
Compiled with warnings.

[eslint] 
src/pages/PracticePage.js
  Line 5:8:    'SmartHintsPanel' is defined but never used                                                                                   no-unused-vars
  Line 7:8:    'EnhancedErrorDisplay' is defined but never used                                                                              no-unused-vars
  Line 9:8:    'SQLHighlightDisplay' is defined but never used                                                                               no-unused-vars
  Line 25:10:  'showSolution' is assigned a value but never used                                                                             no-unused-vars
  Line 30:10:  'showHints' is assigned a value but never used                                                                                no-unused-vars
  Line 33:10:  'errorAnalysis' is assigned a value but never used                                                                            no-unused-vars
  Line 34:10:  'expandedSection' is assigned a value but never used                                                                          no-unused-vars
  Line 34:27:  'setExpandedSection' is assigned a value but never used                                                                       no-unused-vars
  Line 170:6:  React Hook useCallback has a missing dependency: 'setupProblemEnvironment'. Either include it or remove the dependency array  react-hooks/exhaustive-deps
  Line 241:6:  React Hook useEffect has a missing dependency: 'loadAllProblems'. Either include it or remove the dependency array            react-hooks/exhaustive-deps
  Line 347:6:  React Hook useCallback has a missing dependency: 'navigateToProblem'. Either include it or remove the dependency array        react-hooks/exhaustive-deps
  Line 364:6:  React Hook useCallback has a missing dependency: 'navigateToProblem'. Either include it or remove the dependency array        react-hooks/exhaustive-deps
  Line 366:9:  'getDifficultyColor' is assigned a value but never used                                                                       no-unused-vars

src/pages/ProblemsPage.js
  Line 31:27:  'setSelectedCompany' is assigned a value but never used                                                           no-unused-vars
  Line 37:10:  'companies' is assigned a value but never used                                                                    no-unused-vars
  Line 172:6:  React Hook useEffect has a missing dependency: 'fetchProblems'. Either include it or remove the dependency array  react-hooks/exhaustive-deps

Search for the keywords to learn more about each warning.
To ignore, add // eslint-disable-next-line to the line before.

WARNING in [eslint] 
src/pages/PracticePage.js
  Line 5:8:    'SmartHintsPanel' is defined but never used                                                                                   no-unused-vars
  Line 7:8:    'EnhancedErrorDisplay' is defined but never used                                                                              no-unused-vars
  Line 9:8:    'SQLHighlightDisplay' is defined but never used                                                                               no-unused-vars
  Line 25:10:  'showSolution' is assigned a value but never used                                                                             no-unused-vars
  Line 30:10:  'showHints' is assigned a value but never used                                                                                no-unused-vars
  Line 33:10:  'errorAnalysis' is assigned a value but never used                                                                            no-unused-vars
  Line 34:10:  'expandedSection' is assigned a value but never used                                                                          no-unused-vars
  Line 34:27:  'setExpandedSection' is assigned a value but never used                                                                       no-unused-vars
  Line 170:6:  React Hook useCallback has a missing dependency: 'setupProblemEnvironment'. Either include it or remove the dependency array  react-hooks/exhaustive-deps
  Line 241:6:  React Hook useEffect has a missing dependency: 'loadAllProblems'. Either include it or remove the dependency array            react-hooks/exhaustive-deps
  Line 347:6:  React Hook useCallback has a missing dependency: 'navigateToProblem'. Either include it or remove the dependency array        react-hooks/exhaustive-deps
  Line 364:6:  React Hook useCallback has a missing dependency: 'navigateToProblem'. Either include it or remove the dependency array        react-hooks/exhaustive-deps
  Line 366:9:  'getDifficultyColor' is assigned a value but never used                                                                       no-unused-vars

src/pages/ProblemsPage.js
  Line 31:27:  'setSelectedCompany' is assigned a value but never used                                                           no-unused-vars
  Line 37:10:  'companies' is assigned a value but never used                                                                    no-unused-vars
  Line 172:6:  React Hook useEffect has a missing dependency: 'fetchProblems'. Either include it or remove the dependency array  react-hooks/exhaustive-deps

webpack compiled with 1 warning
No issues found.
Compiling...
Compiled with warnings.

[eslint] 
src/pages/PracticePage.js
  Line 5:8:    'SmartHintsPanel' is defined but never used                                                                                   no-unused-vars
  Line 7:8:    'EnhancedErrorDisplay' is defined but never used                                                                              no-unused-vars
  Line 9:8:    'SQLHighlightDisplay' is defined but never used                                                                               no-unused-vars
  Line 25:10:  'showSolution' is assigned a value but never used                                                                             no-unused-vars
  Line 30:10:  'showHints' is assigned a value but never used                                                                                no-unused-vars
  Line 33:10:  'errorAnalysis' is assigned a value but never used                                                                            no-unused-vars
  Line 34:10:  'expandedSection' is assigned a value but never used                                                                          no-unused-vars
  Line 34:27:  'setExpandedSection' is assigned a value but never used                                                                       no-unused-vars
  Line 170:6:  React Hook useCallback has a missing dependency: 'setupProblemEnvironment'. Either include it or remove the dependency array  react-hooks/exhaustive-deps
  Line 241:6:  React Hook useEffect has a missing dependency: 'loadAllProblems'. Either include it or remove the dependency array            react-hooks/exhaustive-deps
  Line 347:6:  React Hook useCallback has a missing dependency: 'navigateToProblem'. Either include it or remove the dependency array        react-hooks/exhaustive-deps
  Line 364:6:  React Hook useCallback has a missing dependency: 'navigateToProblem'. Either include it or remove the dependency array        react-hooks/exhaustive-deps
  Line 366:9:  'getDifficultyColor' is assigned a value but never used                                                                       no-unused-vars

src/pages/ProblemsPage.js
  Line 31:27:  'setSelectedCompany' is assigned a value but never used                                                           no-unused-vars
  Line 37:10:  'companies' is assigned a value but never used                                                                    no-unused-vars
  Line 172:6:  React Hook useEffect has a missing dependency: 'fetchProblems'. Either include it or remove the dependency array  react-hooks/exhaustive-deps

Search for the keywords to learn more about each warning.
To ignore, add // eslint-disable-next-line to the line before.

WARNING in [eslint] 
src/pages/PracticePage.js
  Line 5:8:    'SmartHintsPanel' is defined but never used                                                                                   no-unused-vars
  Line 7:8:    'EnhancedErrorDisplay' is defined but never used                                                                              no-unused-vars
  Line 9:8:    'SQLHighlightDisplay' is defined but never used                                                                               no-unused-vars
  Line 25:10:  'showSolution' is assigned a value but never used                                                                             no-unused-vars
  Line 30:10:  'showHints' is assigned a value but never used                                                                                no-unused-vars
  Line 33:10:  'errorAnalysis' is assigned a value but never used                                                                            no-unused-vars
  Line 34:10:  'expandedSection' is assigned a value but never used                                                                          no-unused-vars
  Line 34:27:  'setExpandedSection' is assigned a value but never used                                                                       no-unused-vars
  Line 170:6:  React Hook useCallback has a missing dependency: 'setupProblemEnvironment'. Either include it or remove the dependency array  react-hooks/exhaustive-deps
  Line 241:6:  React Hook useEffect has a missing dependency: 'loadAllProblems'. Either include it or remove the dependency array            react-hooks/exhaustive-deps
  Line 347:6:  React Hook useCallback has a missing dependency: 'navigateToProblem'. Either include it or remove the dependency array        react-hooks/exhaustive-deps
  Line 364:6:  React Hook useCallback has a missing dependency: 'navigateToProblem'. Either include it or remove the dependency array        react-hooks/exhaustive-deps
  Line 366:9:  'getDifficultyColor' is assigned a value but never used                                                                       no-unused-vars

src/pages/ProblemsPage.js
  Line 31:27:  'setSelectedCompany' is assigned a value but never used                                                           no-unused-vars
  Line 37:10:  'companies' is assigned a value but never used                                                                    no-unused-vars
  Line 172:6:  React Hook useEffect has a missing dependency: 'fetchProblems'. Either include it or remove the dependency array  react-hooks/exhaustive-deps

webpack compiled with 1 warning
No issues found.
Compiling...
Compiled with warnings.

[eslint] 
src/pages/PracticePage.js
  Line 5:8:    'SmartHintsPanel' is defined but never used                                                                                   no-unused-vars
  Line 7:8:    'EnhancedErrorDisplay' is defined but never used                                                                              no-unused-vars
  Line 9:8:    'SQLHighlightDisplay' is defined but never used                                                                               no-unused-vars
  Line 25:10:  'showSolution' is assigned a value but never used                                                                             no-unused-vars
  Line 30:10:  'showHints' is assigned a value but never used                                                                                no-unused-vars
  Line 33:10:  'errorAnalysis' is assigned a value but never used                                                                            no-unused-vars
  Line 34:10:  'expandedSection' is assigned a value but never used                                                                          no-unused-vars
  Line 34:27:  'setExpandedSection' is assigned a value but never used                                                                       no-unused-vars
  Line 170:6:  React Hook useCallback has a missing dependency: 'setupProblemEnvironment'. Either include it or remove the dependency array  react-hooks/exhaustive-deps
  Line 241:6:  React Hook useEffect has a missing dependency: 'loadAllProblems'. Either include it or remove the dependency array            react-hooks/exhaustive-deps
  Line 347:6:  React Hook useCallback has a missing dependency: 'navigateToProblem'. Either include it or remove the dependency array        react-hooks/exhaustive-deps
  Line 364:6:  React Hook useCallback has a missing dependency: 'navigateToProblem'. Either include it or remove the dependency array        react-hooks/exhaustive-deps
  Line 366:9:  'getDifficultyColor' is assigned a value but never used                                                                       no-unused-vars

src/pages/ProblemsPage.js
  Line 31:27:  'setSelectedCompany' is assigned a value but never used                                                           no-unused-vars
  Line 37:10:  'companies' is assigned a value but never used                                                                    no-unused-vars
  Line 179:6:  React Hook useEffect has a missing dependency: 'fetchProblems'. Either include it or remove the dependency array  react-hooks/exhaustive-deps

Search for the keywords to learn more about each warning.
To ignore, add // eslint-disable-next-line to the line before.

WARNING in [eslint] 
src/pages/PracticePage.js
  Line 5:8:    'SmartHintsPanel' is defined but never used                                                                                   no-unused-vars
  Line 7:8:    'EnhancedErrorDisplay' is defined but never used                                                                              no-unused-vars
  Line 9:8:    'SQLHighlightDisplay' is defined but never used                                                                               no-unused-vars
  Line 25:10:  'showSolution' is assigned a value but never used                                                                             no-unused-vars
  Line 30:10:  'showHints' is assigned a value but never used                                                                                no-unused-vars
  Line 33:10:  'errorAnalysis' is assigned a value but never used                                                                            no-unused-vars
  Line 34:10:  'expandedSection' is assigned a value but never used                                                                          no-unused-vars
  Line 34:27:  'setExpandedSection' is assigned a value but never used                                                                       no-unused-vars
  Line 170:6:  React Hook useCallback has a missing dependency: 'setupProblemEnvironment'. Either include it or remove the dependency array  react-hooks/exhaustive-deps
  Line 241:6:  React Hook useEffect has a missing dependency: 'loadAllProblems'. Either include it or remove the dependency array            react-hooks/exhaustive-deps
  Line 347:6:  React Hook useCallback has a missing dependency: 'navigateToProblem'. Either include it or remove the dependency array        react-hooks/exhaustive-deps
  Line 364:6:  React Hook useCallback has a missing dependency: 'navigateToProblem'. Either include it or remove the dependency array        react-hooks/exhaustive-deps
  Line 366:9:  'getDifficultyColor' is assigned a value but never used                                                                       no-unused-vars

src/pages/ProblemsPage.js
  Line 31:27:  'setSelectedCompany' is assigned a value but never used                                                           no-unused-vars
  Line 37:10:  'companies' is assigned a value but never used                                                                    no-unused-vars
  Line 179:6:  React Hook useEffect has a missing dependency: 'fetchProblems'. Either include it or remove the dependency array  react-hooks/exhaustive-deps

webpack compiled with 1 warning
No issues found.
Compiling...
Compiled with warnings.

[eslint] 
src/pages/PracticePage.js
  Line 5:8:    'SmartHintsPanel' is defined but never used                                                                                   no-unused-vars
  Line 7:8:    'EnhancedErrorDisplay' is defined but never used                                                                              no-unused-vars
  Line 9:8:    'SQLHighlightDisplay' is defined but never used                                                                               no-unused-vars
  Line 25:10:  'showSolution' is assigned a value but never used                                                                             no-unused-vars
  Line 30:10:  'showHints' is assigned a value but never used                                                                                no-unused-vars
  Line 33:10:  'errorAnalysis' is assigned a value but never used                                                                            no-unused-vars
  Line 34:10:  'expandedSection' is assigned a value but never used                                                                          no-unused-vars
  Line 34:27:  'setExpandedSection' is assigned a value but never used                                                                       no-unused-vars
  Line 170:6:  React Hook useCallback has a missing dependency: 'setupProblemEnvironment'. Either include it or remove the dependency array  react-hooks/exhaustive-deps
  Line 241:6:  React Hook useEffect has a missing dependency: 'loadAllProblems'. Either include it or remove the dependency array            react-hooks/exhaustive-deps
  Line 347:6:  React Hook useCallback has a missing dependency: 'navigateToProblem'. Either include it or remove the dependency array        react-hooks/exhaustive-deps
  Line 364:6:  React Hook useCallback has a missing dependency: 'navigateToProblem'. Either include it or remove the dependency array        react-hooks/exhaustive-deps
  Line 366:9:  'getDifficultyColor' is assigned a value but never used                                                                       no-unused-vars

src/pages/ProblemsPage.js
  Line 31:27:  'setSelectedCompany' is assigned a value but never used  no-unused-vars
  Line 37:10:  'companies' is assigned a value but never used           no-unused-vars

Search for the keywords to learn more about each warning.
To ignore, add // eslint-disable-next-line to the line before.

WARNING in [eslint] 
src/pages/PracticePage.js
  Line 5:8:    'SmartHintsPanel' is defined but never used                                                                                   no-unused-vars
  Line 7:8:    'EnhancedErrorDisplay' is defined but never used                                                                              no-unused-vars
  Line 9:8:    'SQLHighlightDisplay' is defined but never used                                                                               no-unused-vars
  Line 25:10:  'showSolution' is assigned a value but never used                                                                             no-unused-vars
  Line 30:10:  'showHints' is assigned a value but never used                                                                                no-unused-vars
  Line 33:10:  'errorAnalysis' is assigned a value but never used                                                                            no-unused-vars
  Line 34:10:  'expandedSection' is assigned a value but never used                                                                          no-unused-vars
  Line 34:27:  'setExpandedSection' is assigned a value but never used                                                                       no-unused-vars
  Line 170:6:  React Hook useCallback has a missing dependency: 'setupProblemEnvironment'. Either include it or remove the dependency array  react-hooks/exhaustive-deps
  Line 241:6:  React Hook useEffect has a missing dependency: 'loadAllProblems'. Either include it or remove the dependency array            react-hooks/exhaustive-deps
  Line 347:6:  React Hook useCallback has a missing dependency: 'navigateToProblem'. Either include it or remove the dependency array        react-hooks/exhaustive-deps
  Line 364:6:  React Hook useCallback has a missing dependency: 'navigateToProblem'. Either include it or remove the dependency array        react-hooks/exhaustive-deps
  Line 366:9:  'getDifficultyColor' is assigned a value but never used                                                                       no-unused-vars

src/pages/ProblemsPage.js
  Line 31:27:  'setSelectedCompany' is assigned a value but never used  no-unused-vars
  Line 37:10:  'companies' is assigned a value but never used           no-unused-vars

webpack compiled with 1 warning
No issues found.
Compiling...
Compiled with warnings.

[eslint] 
src/pages/PracticePage.js
  Line 5:8:    'SmartHintsPanel' is defined but never used                                                                                   no-unused-vars
  Line 7:8:    'EnhancedErrorDisplay' is defined but never used                                                                              no-unused-vars
  Line 9:8:    'SQLHighlightDisplay' is defined but never used                                                                               no-unused-vars
  Line 25:10:  'showSolution' is assigned a value but never used                                                                             no-unused-vars
  Line 30:10:  'showHints' is assigned a value but never used                                                                                no-unused-vars
  Line 33:10:  'errorAnalysis' is assigned a value but never used                                                                            no-unused-vars
  Line 34:10:  'expandedSection' is assigned a value but never used                                                                          no-unused-vars
  Line 34:27:  'setExpandedSection' is assigned a value but never used                                                                       no-unused-vars
  Line 170:6:  React Hook useCallback has a missing dependency: 'setupProblemEnvironment'. Either include it or remove the dependency array  react-hooks/exhaustive-deps
  Line 241:6:  React Hook useEffect has a missing dependency: 'loadAllProblems'. Either include it or remove the dependency array            react-hooks/exhaustive-deps
  Line 347:6:  React Hook useCallback has a missing dependency: 'navigateToProblem'. Either include it or remove the dependency array        react-hooks/exhaustive-deps
  Line 364:6:  React Hook useCallback has a missing dependency: 'navigateToProblem'. Either include it or remove the dependency array        react-hooks/exhaustive-deps
  Line 366:9:  'getDifficultyColor' is assigned a value but never used                                                                       no-unused-vars

src/pages/ProblemsPage.js
  Line 31:27:  'setSelectedCompany' is assigned a value but never used                                                           no-unused-vars
  Line 37:10:  'companies' is assigned a value but never used                                                                    no-unused-vars
  Line 177:6:  React Hook useEffect has a missing dependency: 'fetchProblems'. Either include it or remove the dependency array  react-hooks/exhaustive-deps

Search for the keywords to learn more about each warning.
To ignore, add // eslint-disable-next-line to the line before.

WARNING in [eslint] 
src/pages/PracticePage.js
  Line 5:8:    'SmartHintsPanel' is defined but never used                                                                                   no-unused-vars
  Line 7:8:    'EnhancedErrorDisplay' is defined but never used                                                                              no-unused-vars
  Line 9:8:    'SQLHighlightDisplay' is defined but never used                                                                               no-unused-vars
  Line 25:10:  'showSolution' is assigned a value but never used                                                                             no-unused-vars
  Line 30:10:  'showHints' is assigned a value but never used                                                                                no-unused-vars
  Line 33:10:  'errorAnalysis' is assigned a value but never used                                                                            no-unused-vars
  Line 34:10:  'expandedSection' is assigned a value but never used                                                                          no-unused-vars
  Line 34:27:  'setExpandedSection' is assigned a value but never used                                                                       no-unused-vars
  Line 170:6:  React Hook useCallback has a missing dependency: 'setupProblemEnvironment'. Either include it or remove the dependency array  react-hooks/exhaustive-deps
  Line 241:6:  React Hook useEffect has a missing dependency: 'loadAllProblems'. Either include it or remove the dependency array            react-hooks/exhaustive-deps
  Line 347:6:  React Hook useCallback has a missing dependency: 'navigateToProblem'. Either include it or remove the dependency array        react-hooks/exhaustive-deps
  Line 364:6:  React Hook useCallback has a missing dependency: 'navigateToProblem'. Either include it or remove the dependency array        react-hooks/exhaustive-deps
  Line 366:9:  'getDifficultyColor' is assigned a value but never used                                                                       no-unused-vars

src/pages/ProblemsPage.js
  Line 31:27:  'setSelectedCompany' is assigned a value but never used                                                           no-unused-vars
  Line 37:10:  'companies' is assigned a value but never used                                                                    no-unused-vars
  Line 177:6:  React Hook useEffect has a missing dependency: 'fetchProblems'. Either include it or remove the dependency array  react-hooks/exhaustive-deps

webpack compiled with 1 warning
No issues found.
Compiling...
Compiled with warnings.

[eslint] 
src/pages/PracticePage.js
  Line 5:8:    'SmartHintsPanel' is defined but never used                                                                                   no-unused-vars
  Line 7:8:    'EnhancedErrorDisplay' is defined but never used                                                                              no-unused-vars
  Line 9:8:    'SQLHighlightDisplay' is defined but never used                                                                               no-unused-vars
  Line 25:10:  'showSolution' is assigned a value but never used                                                                             no-unused-vars
  Line 30:10:  'showHints' is assigned a value but never used                                                                                no-unused-vars
  Line 33:10:  'errorAnalysis' is assigned a value but never used                                                                            no-unused-vars
  Line 34:10:  'expandedSection' is assigned a value but never used                                                                          no-unused-vars
  Line 34:27:  'setExpandedSection' is assigned a value but never used                                                                       no-unused-vars
  Line 170:6:  React Hook useCallback has a missing dependency: 'setupProblemEnvironment'. Either include it or remove the dependency array  react-hooks/exhaustive-deps
  Line 241:6:  React Hook useEffect has a missing dependency: 'loadAllProblems'. Either include it or remove the dependency array            react-hooks/exhaustive-deps
  Line 347:6:  React Hook useCallback has a missing dependency: 'navigateToProblem'. Either include it or remove the dependency array        react-hooks/exhaustive-deps
  Line 364:6:  React Hook useCallback has a missing dependency: 'navigateToProblem'. Either include it or remove the dependency array        react-hooks/exhaustive-deps
  Line 366:9:  'getDifficultyColor' is assigned a value but never used                                                                       no-unused-vars

src/pages/ProblemsPage.js
  Line 31:27:  'setSelectedCompany' is assigned a value but never used                                                           no-unused-vars
  Line 37:10:  'companies' is assigned a value but never used                                                                    no-unused-vars
  Line 177:6:  React Hook useEffect has a missing dependency: 'fetchProblems'. Either include it or remove the dependency array  react-hooks/exhaustive-deps

Search for the keywords to learn more about each warning.
To ignore, add // eslint-disable-next-line to the line before.

WARNING in [eslint] 
src/pages/PracticePage.js
  Line 5:8:    'SmartHintsPanel' is defined but never used                                                                                   no-unused-vars
  Line 7:8:    'EnhancedErrorDisplay' is defined but never used                                                                              no-unused-vars
  Line 9:8:    'SQLHighlightDisplay' is defined but never used                                                                               no-unused-vars
  Line 25:10:  'showSolution' is assigned a value but never used                                                                             no-unused-vars
  Line 30:10:  'showHints' is assigned a value but never used                                                                                no-unused-vars
  Line 33:10:  'errorAnalysis' is assigned a value but never used                                                                            no-unused-vars
  Line 34:10:  'expandedSection' is assigned a value but never used                                                                          no-unused-vars
  Line 34:27:  'setExpandedSection' is assigned a value but never used                                                                       no-unused-vars
  Line 170:6:  React Hook useCallback has a missing dependency: 'setupProblemEnvironment'. Either include it or remove the dependency array  react-hooks/exhaustive-deps
  Line 241:6:  React Hook useEffect has a missing dependency: 'loadAllProblems'. Either include it or remove the dependency array            react-hooks/exhaustive-deps
  Line 347:6:  React Hook useCallback has a missing dependency: 'navigateToProblem'. Either include it or remove the dependency array        react-hooks/exhaustive-deps
  Line 364:6:  React Hook useCallback has a missing dependency: 'navigateToProblem'. Either include it or remove the dependency array        react-hooks/exhaustive-deps
  Line 366:9:  'getDifficultyColor' is assigned a value but never used                                                                       no-unused-vars

src/pages/ProblemsPage.js
  Line 31:27:  'setSelectedCompany' is assigned a value but never used                                                           no-unused-vars
  Line 37:10:  'companies' is assigned a value but never used                                                                    no-unused-vars
  Line 177:6:  React Hook useEffect has a missing dependency: 'fetchProblems'. Either include it or remove the dependency array  react-hooks/exhaustive-deps

webpack compiled with 1 warning
No issues found.
